timestamp: 2021-06-28T16:26:30.422803
CREATE TABLE "auth_user"(
    "id" INTEGER PRIMARY KEY AUTOINCREMENT,
    "first_name" CHAR(128),
    "last_name" CHAR(128),
    "email" CHAR(512),
    "password" CHAR(512),
    "registration_key" CHAR(512),
    "reset_password_key" CHAR(512),
    "registration_id" CHAR(512)
);
success!
timestamp: 2021-06-28T16:26:30.467663
CREATE TABLE "auth_group"(
    "id" INTEGER PRIMARY KEY AUTOINCREMENT,
    "role" CHAR(512),
    "description" TEXT
);
success!
timestamp: 2021-06-28T16:26:30.510723
CREATE TABLE "auth_membership"(
    "id" INTEGER PRIMARY KEY AUTOINCREMENT,
    "user_id" INTEGER REFERENCES "auth_user" ("id") ON DELETE CASCADE  ,
    "group_id" INTEGER REFERENCES "auth_group" ("id") ON DELETE CASCADE  
);
success!
timestamp: 2021-06-28T16:26:30.552430
CREATE TABLE "auth_permission"(
    "id" INTEGER PRIMARY KEY AUTOINCREMENT,
    "group_id" INTEGER REFERENCES "auth_group" ("id") ON DELETE CASCADE  ,
    "name" CHAR(512),
    "table_name" CHAR(512),
    "record_id" INTEGER
);
success!
timestamp: 2021-06-28T16:26:30.595455
CREATE TABLE "auth_event"(
    "id" INTEGER PRIMARY KEY AUTOINCREMENT,
    "time_stamp" TIMESTAMP,
    "client_ip" CHAR(512),
    "user_id" INTEGER REFERENCES "auth_user" ("id") ON DELETE CASCADE  ,
    "origin" CHAR(512),
    "description" TEXT
);
success!
timestamp: 2021-06-28T16:26:30.635942
CREATE TABLE "auth_cas"(
    "id" INTEGER PRIMARY KEY AUTOINCREMENT,
    "user_id" INTEGER REFERENCES "auth_user" ("id") ON DELETE CASCADE  ,
    "created_on" TIMESTAMP,
    "service" CHAR(512),
    "ticket" CHAR(512),
    "renew" CHAR(1)
);
success!
timestamp: 2021-06-28T16:27:41.766799
CREATE TABLE "configuration_grc"(
    "id" INTEGER PRIMARY KEY AUTOINCREMENT,
    "language_grc" CHAR(512),
    "organization_grc" CHAR(512)
);
success!
timestamp: 2021-06-28T16:29:19.006818
CREATE TABLE "email"(
    "id" INTEGER PRIMARY KEY AUTOINCREMENT,
    "server_email" CHAR(512),
    "sender_email" CHAR(512),
    "login_email" CHAR(512),
    "tls_email" CHAR(1)
);
success!
timestamp: 2021-06-28T16:29:19.087470
CREATE TABLE "risk_classification"(
    "id" INTEGER PRIMARY KEY AUTOINCREMENT,
    "name" CHAR(512),
    "description" TEXT,
    "risk_analyst_log" CHAR(512),
    "risk_manager_log" CHAR(512),
    "risk_analyst_approval" CHAR(1),
    "risk_manager_approval" CHAR(1)
);
success!
success!
timestamp: 2021-07-27T22:43:38.428850
CREATE TABLE "risk_treatment"(
    "id" INTEGER PRIMARY KEY AUTOINCREMENT,
    "name" CHAR(512) UNIQUE,
    "description" TEXT,
    "risk_analyst_log" CHAR(512),
    "risk_manager_log" CHAR(512),
    "risk_analyst_approval" CHAR(1),
    "risk_manager_approval" CHAR(1)
);
success!
timestamp: 2021-07-28T04:31:36.079374
CREATE TABLE "grc_settings"(
    "id" INTEGER PRIMARY KEY AUTOINCREMENT,
    "laguage" CHAR(1)
);
success!
timestamp: 2021-07-29T20:14:05.823624
CREATE TABLE "department"(
    "id" INTEGER PRIMARY KEY AUTOINCREMENT,
    "name" CHAR(512) UNIQUE,
    "description" TEXT,
    "responsible" TEXT,
    "risk_analyst_log" CHAR(512),
    "risk_manager_log" CHAR(512),
    "risk_analyst_approval" CHAR(1),
    "risk_manager_approval" CHAR(1)
);
success!
timestamp: 2021-07-29T20:19:52.476597
ALTER TABLE "grc_settings" ADD "company_name" CHAR(512);
success!
timestamp: 2021-07-29T21:24:32.139695
ALTER TABLE "grc_settings" ADD "grc_language" CHAR(512);
success!
success!
success!
success!
success!
success!
success!
success!
success!
success!
success!
success!
success!
success!
success!
success!
timestamp: 2021-07-31T19:15:42.224766
CREATE TABLE "process_type"(
    "id" INTEGER PRIMARY KEY AUTOINCREMENT,
    "name" CHAR(512) UNIQUE,
    "description" TEXT,
    "risk_analyst_log" CHAR(512),
    "risk_manager_log" CHAR(512),
    "risk_analyst_approval" CHAR(1),
    "risk_manager_approval" CHAR(1)
);
success!
success!
success!
success!
success!
success!
success!
success!
success!
success!
success!
success!
success!
success!
success!
success!
success!
success!
success!
success!
success!
success!
success!
success!
success!
success!
success!
success!
success!
success!
success!
success!
success!
success!
success!
success!
success!
success!
success!
success!
success!
success!
success!
success!
success!
success!
success!
success!
success!
success!
success!
success!
success!
success!
success!
success!
success!
success!
success!
success!
success!
success!
success!
success!
success!
success!
success!
success!
success!
success!
success!
success!
success!
success!
success!
success!
success!
success!
success!
success!
success!
success!
success!
success!
success!
success!
success!
success!
success!
success!
success!
success!
success!
success!
success!
success!
success!
success!
success!
success!
success!
success!
success!
success!
success!
success!
success!
success!
success!
success!
success!
success!
success!
success!
success!
success!
success!
success!
success!
success!
success!
success!
success!
success!
success!
success!
success!
success!
success!
success!
success!
success!
success!
success!
success!
success!
success!
success!
success!
success!
success!
success!
success!
success!
success!
success!
success!
success!
success!
success!
success!
success!
success!
success!
success!
success!
success!
success!
success!
success!
success!
success!
success!
success!
success!
success!
success!
success!
success!
success!
success!
success!
success!
success!
success!
success!
success!
success!
success!
success!
success!
success!
success!
success!
success!
success!
success!
success!
success!
success!
success!
success!
success!
success!
success!
success!
success!
success!
success!
success!
success!
success!
success!
success!
success!
success!
success!
success!
success!
success!
success!
success!
success!
success!
success!
success!
success!
success!
success!
success!
success!
success!
success!
success!
success!
success!
success!
success!
success!
success!
success!
timestamp: 2021-08-03T00:02:03.932905
CREATE TABLE "maturity_level"(
    "id" INTEGER PRIMARY KEY AUTOINCREMENT,
    "name" CHAR(512) UNIQUE,
    "m_level" INTEGER UNIQUE,
    "description" TEXT,
    "risk_analyst_log" CHAR(512),
    "risk_manager_log" CHAR(512),
    "risk_analyst_approval" CHAR(1),
    "risk_manager_approval" CHAR(1)
);
success!
timestamp: 2021-08-03T00:02:29.688595
CREATE TABLE "process"(
    "id" INTEGER PRIMARY KEY AUTOINCREMENT,
    "name" CHAR(512) UNIQUE,
    "description" TEXT,
    "p_owner" CHAR(512),
    "p_file" CHAR(512),
    "risk_analyst_log" CHAR(512),
    "risk_manager_log" CHAR(512),
    "risk_analyst_approval" CHAR(1),
    "risk_manager_approval" CHAR(1)
);
success!
success!
success!
success!
success!
success!
success!
success!
success!
success!
timestamp: 2021-08-04T22:26:33.342685
CREATE TABLE "system_type"(
    "id" INTEGER PRIMARY KEY AUTOINCREMENT,
    "name" CHAR(512) UNIQUE,
    "description" TEXT,
    "risk_analyst_log" CHAR(512),
    "risk_manager_log" CHAR(512),
    "risk_analyst_approval" CHAR(1),
    "risk_manager_approval" CHAR(1)
);
success!
success!
success!
success!
success!
success!
success!
success!
success!
success!
success!
success!
success!
success!
success!
success!
success!
success!
success!
success!
success!
success!
success!
success!
success!
success!
success!
success!
success!
success!
success!
success!
success!
success!
success!
timestamp: 2021-08-04T23:11:19.351314
ALTER TABLE "process" ADD "process_type_id" INTEGER REFERENCES "process_type" ("id") ON DELETE CASCADE  ;
success!
success!
success!
success!
success!
success!
success!
success!
success!
success!
success!
success!
success!
success!
success!
success!
success!
success!
success!
success!
success!
success!
success!
success!
success!
success!
success!
success!
success!
success!
success!
success!
success!
success!
success!
success!
success!
success!
success!
success!
success!
success!
success!
success!
success!
success!
success!
success!
success!
success!
success!
success!
success!
success!
success!
success!
success!
success!
success!
success!
timestamp: 2021-08-06T02:52:17.358132
CREATE TABLE "objective_type"(
    "id" INTEGER PRIMARY KEY AUTOINCREMENT,
    "name" CHAR(512) UNIQUE,
    "description" TEXT,
    "risk_analyst_log" CHAR(512),
    "risk_manager_log" CHAR(512),
    "risk_analyst_approval" CHAR(1),
    "risk_manager_approval" CHAR(1)
);
success!
success!
success!
success!
success!
success!
success!
success!
success!
success!
success!
success!
success!
success!
success!
success!
success!
success!
success!
success!
success!
success!
success!
success!
success!
success!
success!
success!
success!
success!
success!
success!
success!
success!
success!
success!
success!
success!
success!
success!
success!
success!
success!
success!
success!
success!
success!
success!
success!
success!
success!
success!
success!
success!
success!
success!
success!
success!
success!
success!
success!
success!
success!
success!
success!
success!
success!
success!
success!
success!
success!
success!
success!
success!
success!
success!
success!
timestamp: 2021-08-08T05:49:14.717900
ALTER TABLE "risk_classification" ADD "create_date" TIMESTAMP;
timestamp: 2021-08-08T05:49:14.821516
ALTER TABLE "risk_classification" ADD "write_date" TIMESTAMP;
success!
success!
success!
success!
success!
success!
success!
success!
success!
success!
success!
success!
success!
success!
success!
success!
success!
success!
success!
success!
success!
success!
success!
success!
success!
success!
success!
success!
success!
success!
success!
success!
success!
success!
success!
success!
success!
success!
success!
success!
success!
success!
success!
success!
success!
success!
success!
success!
success!
success!
success!
success!
success!
success!
success!
success!
success!
success!
success!
success!
success!
success!
success!
success!
success!
success!
success!
success!
success!
success!
success!
success!
success!
success!
success!
success!
success!
success!
success!
success!
success!
success!
success!
success!
success!
success!
success!
success!
success!
success!
success!
success!
success!
success!
success!
success!
success!
success!
success!
success!
success!
success!
success!
success!
success!
success!
success!
success!
success!
success!
success!
success!
success!
success!
success!
success!
success!
success!
success!
success!
success!
success!
success!
success!
success!
success!
success!
success!
success!
success!
success!
success!
success!
success!
success!
success!
success!
success!
success!
success!
success!
success!
success!
success!
success!
success!
success!
success!
success!
success!
success!
success!
success!
success!
success!
success!
success!
success!
success!
success!
success!
success!
success!
success!
success!
success!
success!
success!
success!
success!
success!
success!
success!
success!
success!
success!
success!
success!
success!
success!
success!
success!
success!
success!
success!
success!
success!
success!
success!
success!
success!
success!
success!
success!
success!
success!
success!
success!
success!
success!
success!
success!
success!
success!
success!
success!
success!
success!
success!
success!
success!
success!
success!
success!
success!
success!
success!
success!
success!
success!
success!
success!
success!
success!
success!
success!
success!
success!
success!
success!
success!
success!
success!
success!
success!
success!
success!
success!
success!
success!
success!
success!
success!
success!
success!
success!
success!
success!
success!
success!
success!
success!
success!
success!
success!
success!
success!
success!
success!
success!
success!
success!
success!
success!
success!
success!
success!
success!
success!
success!
success!
success!
success!
success!
success!
success!
success!
success!
success!
success!
success!
success!
success!
success!
success!
success!
success!
success!
success!
success!
success!
success!
success!
success!
success!
success!
success!
success!
success!
success!
success!
success!
success!
success!
success!
success!
success!
success!
success!
success!
success!
success!
success!
success!
success!
success!
success!
success!
success!
success!
success!
success!
success!
success!
success!
success!
success!
success!
success!
success!
success!
success!
success!
success!
success!
success!
success!
success!
success!
success!
success!
success!
success!
success!
success!
success!
success!
success!
success!
success!
success!
success!
success!
success!
success!
success!
success!
success!
success!
success!
success!
success!
success!
success!
success!
success!
success!
success!
success!
success!
success!
success!
success!
success!
success!
success!
success!
success!
success!
success!
success!
success!
success!
success!
success!
success!
success!
success!
success!
success!
success!
success!
success!
success!
success!
success!
success!
success!
success!
success!
success!
success!
success!
success!
success!
success!
success!
success!
success!
success!
success!
success!
success!
success!
success!
success!
success!
success!
success!
success!
success!
success!
success!
success!
success!
success!
success!
success!
success!
success!
success!
success!
success!
success!
success!
success!
success!
success!
success!
success!
success!
success!
success!
success!
success!
success!
success!
success!
success!
success!
success!
success!
success!
success!
success!
success!
success!
success!
success!
success!
success!
success!
success!
success!
success!
success!
success!
success!
success!
success!
success!
success!
success!
success!
success!
success!
success!
success!
success!
success!
success!
success!
success!
success!
success!
success!
success!
success!
success!
success!
success!
success!
success!
success!
success!
success!
success!
success!
success!
success!
success!
success!
success!
success!
success!
success!
success!
success!
success!
success!
success!
success!
success!
success!
success!
success!
success!
success!
success!
success!
success!
success!
success!
success!
success!
success!
success!
success!
success!
success!
success!
success!
success!
success!
success!
success!
success!
success!
success!
success!
success!
success!
success!
success!
success!
success!
success!
success!
success!
success!
success!
success!
success!
success!
success!
success!
success!
success!
success!
success!
success!
success!
success!
success!
success!
success!
success!
success!
success!
success!
success!
success!
success!
success!
success!
success!
success!
success!
success!
success!
success!
success!
success!
success!
success!
success!
success!
success!
success!
success!
success!
success!
success!
success!
success!
success!
success!
success!
success!
success!
success!
success!
success!
success!
success!
success!
success!
success!
success!
success!
success!
success!
success!
success!
success!
success!
success!
success!
success!
success!
success!
success!
success!
success!
success!
success!
success!
success!
success!
success!
success!
success!
success!
success!
success!
success!
success!
success!
success!
success!
success!
success!
success!
success!
success!
success!
success!
success!
success!
success!
success!
success!
success!
success!
success!
success!
success!
success!
success!
success!
success!
success!
success!
success!
success!
success!
success!
success!
success!
success!
success!
success!
success!
success!
success!
success!
success!
success!
success!
success!
success!
success!
success!
success!
success!
success!
success!
success!
success!
success!
success!
success!
success!
success!
success!
success!
success!
success!
success!
success!
success!
success!
success!
success!
success!
success!
success!
success!
success!
success!
success!
success!
success!
success!
success!
success!
success!
success!
success!
success!
success!
success!
success!
success!
success!
success!
success!
success!
success!
success!
success!
success!
success!
success!
success!
success!
success!
success!
success!
success!
success!
success!
success!
success!
success!
success!
success!
success!
success!
success!
success!
success!
success!
success!
success!
success!
success!
success!
success!
success!
success!
success!
success!
success!
success!
success!
success!
success!
success!
success!
success!
success!
success!
success!
success!
success!
success!
success!
success!
success!
success!
success!
success!
success!
success!
success!
success!
success!
success!
success!
success!
success!
success!
success!
success!
success!
success!
success!
success!
success!
success!
success!
success!
success!
success!
success!
success!
success!
success!
success!
success!
success!
success!
success!
success!
success!
success!
success!
success!
success!
success!
success!
success!
success!
success!
success!
success!
success!
success!
success!
success!
success!
success!
success!
success!
success!
success!
success!
success!
success!
success!
success!
success!
success!
success!
success!
success!
success!
success!
success!
success!
success!
success!
success!
success!
success!
success!
success!
success!
timestamp: 2021-08-11T05:56:03.816916
ALTER TABLE "risk_treatment" ADD "create_date" TIMESTAMP;
timestamp: 2021-08-11T05:56:03.915021
ALTER TABLE "risk_treatment" ADD "write_date" TIMESTAMP;
success!
timestamp: 2021-08-11T05:56:03.999163
ALTER TABLE "department" ADD "create_date" TIMESTAMP;
timestamp: 2021-08-11T05:56:04.109906
ALTER TABLE "department" ADD "write_date" TIMESTAMP;
success!
timestamp: 2021-08-11T05:56:04.188360
ALTER TABLE "process_type" ADD "create_date" TIMESTAMP;
timestamp: 2021-08-11T05:56:04.283733
ALTER TABLE "process_type" ADD "write_date" TIMESTAMP;
success!
timestamp: 2021-08-11T05:56:04.368767
ALTER TABLE "system_type" ADD "create_date" TIMESTAMP;
timestamp: 2021-08-11T05:56:04.460537
ALTER TABLE "system_type" ADD "write_date" TIMESTAMP;
success!
timestamp: 2021-08-11T05:56:04.538219
ALTER TABLE "maturity_level" ADD "create_date" TIMESTAMP;
timestamp: 2021-08-11T05:56:04.647209
ALTER TABLE "maturity_level" ADD "write_date" TIMESTAMP;
success!
timestamp: 2021-08-11T05:56:04.738267
ALTER TABLE "process" ADD "create_date" TIMESTAMP;
timestamp: 2021-08-11T05:56:04.845401
ALTER TABLE "process" ADD "write_date" TIMESTAMP;
success!
timestamp: 2021-08-11T05:56:04.950319
ALTER TABLE "objective_type" ADD "create_date" TIMESTAMP;
timestamp: 2021-08-11T05:56:05.039730
ALTER TABLE "objective_type" ADD "write_date" TIMESTAMP;
success!
success!
success!
success!
success!
success!
success!
success!
success!
success!
success!
success!
success!
success!
success!
success!
success!
success!
success!
success!
success!
success!
success!
success!
success!
success!
success!
success!
success!
success!
success!
success!
success!
success!
success!
success!
success!
success!
success!
success!
success!
success!
success!
success!
success!
success!
success!
success!
success!
success!
success!
success!
success!
success!
success!
success!
success!
success!
success!
success!
success!
success!
success!
success!
success!
success!
success!
success!
success!
success!
success!
success!
success!
success!
success!
success!
success!
success!
success!
success!
success!
success!
success!
success!
success!
success!
success!
success!
success!
success!
success!
success!
success!
success!
success!
success!
success!
success!
success!
success!
success!
success!
success!
success!
success!
success!
success!
success!
success!
timestamp: 2021-08-12T05:07:34.093122
CREATE TABLE "company"(
    "id" INTEGER PRIMARY KEY AUTOINCREMENT,
    "name" CHAR(512) UNIQUE,
    "description" TEXT,
    "mision" TEXT,
    "vision" TEXT,
    "c_value" TEXT,
    "security_requirement" TEXT,
    "framework_used" TEXT,
    "product_service" TEXT,
    "c_file" TEXT,
    "create_date" TIMESTAMP,
    "write_date" TIMESTAMP,
    "risk_analyst_approval" CHAR(1),
    "risk_manager_approval" CHAR(1),
    "risk_analyst_log" CHAR(512),
    "risk_manager_log" CHAR(512)
);
success!
success!
success!
success!
success!
success!
success!
success!
success!
success!
success!
success!
success!
success!
success!
success!
success!
success!
success!
success!
success!
timestamp: 2021-08-12T12:32:58.880324
CREATE TABLE "impact_level"(
    "id" INTEGER PRIMARY KEY AUTOINCREMENT,
    "name" CHAR(512) UNIQUE,
    "i_level" CHAR(512) UNIQUE,
    "description" TEXT,
    "create_date" TIMESTAMP,
    "write_date" TIMESTAMP,
    "risk_analyst_approval" CHAR(1),
    "risk_manager_approval" CHAR(1),
    "risk_analyst_log" CHAR(512),
    "risk_manager_log" CHAR(512)
);
success!
timestamp: 2021-08-12T12:32:58.947680
CREATE TABLE "probability_level"(
    "id" INTEGER PRIMARY KEY AUTOINCREMENT,
    "name" CHAR(512) UNIQUE,
    "p_level" CHAR(512) UNIQUE,
    "description" TEXT,
    "create_date" TIMESTAMP,
    "write_date" TIMESTAMP,
    "risk_analyst_approval" CHAR(1),
    "risk_manager_approval" CHAR(1),
    "risk_analyst_log" CHAR(512),
    "risk_manager_log" CHAR(512)
);
success!
success!
success!
success!
success!
success!
success!
success!
success!
success!
success!
success!
success!
success!
success!
success!
success!
success!
success!
success!
success!
success!
success!
success!
success!
success!
success!
success!
success!
success!
success!
success!
success!
success!
success!
success!
success!
success!
timestamp: 2021-08-12T17:46:54.966673
CREATE TABLE "company_objective"(
    "id" INTEGER PRIMARY KEY AUTOINCREMENT,
    "name" CHAR(512) UNIQUE,
    "description" TEXT,
    "objective_type_id" INTEGER REFERENCES "objective_type" ("id") ON DELETE CASCADE  ,
    "create_date" TIMESTAMP,
    "write_date" TIMESTAMP,
    "risk_analyst_approval" CHAR(1),
    "risk_manager_approval" CHAR(1),
    "risk_analyst_log" CHAR(512),
    "risk_manager_log" CHAR(512)
);
success!
success!
success!
success!
success!
success!
success!
success!
success!
success!
success!
success!
success!
success!
success!
success!
success!
success!
success!
success!
success!
success!
success!
success!
success!
success!
success!
success!
success!
success!
success!
success!
success!
success!
success!
success!
success!
success!
success!
success!
success!
success!
success!
success!
success!
success!
success!
success!
success!
success!
success!
success!
success!
success!
success!
success!
success!
success!
success!
success!
success!
success!
success!
success!
success!
success!
success!
success!
success!
success!
success!
success!
success!
success!
success!
success!
success!
success!
success!
success!
success!
success!
success!
timestamp: 2021-09-12T21:43:21.495972
CREATE TABLE "benchmark"(
    "id" INTEGER PRIMARY KEY AUTOINCREMENT,
    "bench_version" CHAR(512),
    "description" TEXT,
    "bench_file" CHAR(512),
    "create_date" TIMESTAMP,
    "write_date" TIMESTAMP,
    "risk_analyst_approval" CHAR(1),
    "risk_manager_approval" CHAR(1),
    "risk_analyst_log" CHAR(512),
    "risk_manager_log" CHAR(512)
);
success!
success!
success!
success!
success!
success!
success!
success!
success!
success!
success!
success!
success!
success!
success!
success!
success!
success!
success!
success!
success!
success!
success!
success!
success!
success!
success!
success!
success!
success!
success!
success!
success!
success!
success!
success!
timestamp: 2021-09-14T17:58:48.880335
ALTER TABLE "benchmark" ADD "name" CHAR(512) UNIQUE;
timestamp: 2021-09-14T18:00:57.650451
ALTER TABLE "benchmark" ADD "name" CHAR(512);
success!
timestamp: 2021-09-14T18:00:57.739951
CREATE TABLE "control_catalog"(
    "id" INTEGER PRIMARY KEY AUTOINCREMENT,
    "name" CHAR(512) UNIQUE,
    "description" TEXT,
    "benchmark_id" INTEGER REFERENCES "benchmark" ("id") ON DELETE CASCADE  ,
    "implementation_guide" TEXT,
    "audit_guide" TEXT,
    "create_date" TIMESTAMP,
    "write_date" TIMESTAMP,
    "risk_analyst_approval" CHAR(1),
    "risk_manager_approval" CHAR(1),
    "risk_analyst_log" CHAR(512),
    "risk_manager_log" CHAR(512)
);
success!
success!
success!
success!
success!
success!
success!
success!
success!
success!
success!
success!
success!
success!
success!
success!
success!
success!
success!
success!
success!
success!
success!
success!
success!
success!
success!
success!
success!
success!
success!
success!
success!
success!
success!
success!
success!
success!
success!
success!
success!
success!
success!
success!
success!
success!
success!
success!
timestamp: 2021-09-14T20:06:43.755602
CREATE TABLE "bench_control_objective"(
    "id" INTEGER PRIMARY KEY AUTOINCREMENT,
    "benchmark_id" INTEGER REFERENCES "benchmark" ("id") ON DELETE CASCADE  NOT NULL ,
    "control_number" CHAR(512),
    "name" CHAR(512),
    "description" TEXT,
    "create_date" TIMESTAMP,
    "write_date" TIMESTAMP,
    "risk_analyst_approval" CHAR(1),
    "risk_manager_approval" CHAR(1),
    "risk_analyst_log" CHAR(512),
    "risk_manager_log" CHAR(512)
);
success!
success!
success!
success!
success!
success!
success!
success!
success!
success!
success!
success!
success!
success!
success!
success!
success!
success!
success!
success!
success!
success!
success!
success!
success!
success!
success!
success!
success!
success!
success!
success!
success!
success!
success!
success!
success!
success!
success!
success!
success!
success!
success!
success!
success!
success!
success!
success!
success!
success!
success!
success!
success!
success!
success!
success!
success!
success!
success!
success!
success!
success!
success!
success!
success!
success!
success!
success!
success!
success!
success!
success!
success!
success!
success!
success!
success!
success!
success!
success!
success!
success!
success!
success!
success!
success!
success!
success!
success!
success!
success!
success!
success!
success!
success!
success!
success!
success!
success!
success!
success!
success!
success!
success!
success!
success!
success!
success!
success!
success!
success!
success!
success!
success!
success!
success!
success!
success!
success!
success!
success!
success!
success!
success!
success!
success!
success!
timestamp: 2021-09-17T13:59:08.998727
CREATE TABLE "risk_level"(
    "id" INTEGER PRIMARY KEY AUTOINCREMENT,
    "impact_level_id" INTEGER REFERENCES "impact_level" ("id") ON DELETE CASCADE  ,
    "probability_level_id" INTEGER REFERENCES "probability_level" ("id") ON DELETE CASCADE  ,
    "name" CHAR(512),
    "r_level" CHAR(512),
    "description" TEXT,
    "create_date" TIMESTAMP,
    "write_date" TIMESTAMP,
    "risk_analyst_approval" CHAR(1),
    "risk_manager_approval" CHAR(1),
    "risk_analyst_log" CHAR(512),
    "risk_manager_log" CHAR(512)
);
success!
success!
success!
success!
success!
success!
success!
success!
success!
success!
success!
success!
success!
success!
success!
success!
success!
success!
success!
success!
success!
success!
success!
success!
success!
success!
success!
success!
success!
success!
success!
success!
success!
success!
success!
success!
success!
success!
success!
success!
success!
success!
success!
success!
success!
success!
success!
success!
success!
success!
success!
success!
success!
success!
success!
success!
success!
success!
success!
success!
success!
success!
success!
success!
success!
success!
success!
success!
success!
success!
success!
success!
success!
success!
success!
